<component name="libraryTable">
  <library name="junit-libs">
    <CLASSES>
      <root url="file://C:/Live/WorkPreparation/尚硅谷Java教程/06_软件与资料/05-资料/junit-libs" />
    </CLASSES>
    <JAVADOC />
    <SOURCES />
    <jarDirectory url="file://C:/Live/WorkPreparation/尚硅谷Java教程/06_软件与资料/05-资料/junit-libs" recursive="false" />
  </library>
</component>